0 info it worked if it ends with ok
1 verbose cli [ '/usr/bin/nodejs', '/usr/bin/npm', 'publish' ]
2 info using npm@3.10.3
3 info using node@v6.3.0
4 verbose publish [ '.' ]
5 silly cache add args [ '.', null ]
6 verbose cache add spec .
7 silly cache add parsed spec Result {
7 silly cache add   raw: '.',
7 silly cache add   scope: null,
7 silly cache add   escapedName: null,
7 silly cache add   name: null,
7 silly cache add   rawSpec: '.',
7 silly cache add   spec: '/home/goldylucks/apps/webpack-copy-on-done-plugin',
7 silly cache add   type: 'directory' }
8 verbose addLocalDirectory /home/goldylucks/.npm/webpack-copy-on-done-plugin/0.0.3/package.tgz not in flight; packing
9 verbose correctMkdir /home/goldylucks/.npm correctMkdir not in flight; initializing
10 info lifecycle webpack-copy-on-done-plugin@0.0.3~prepublish: webpack-copy-on-done-plugin@0.0.3
11 silly lifecycle webpack-copy-on-done-plugin@0.0.3~prepublish: no script for prepublish, continuing
12 verbose tar pack [ '/home/goldylucks/.npm/webpack-copy-on-done-plugin/0.0.3/package.tgz',
12 verbose tar pack   '/home/goldylucks/apps/webpack-copy-on-done-plugin' ]
13 verbose tarball /home/goldylucks/.npm/webpack-copy-on-done-plugin/0.0.3/package.tgz
14 verbose folder /home/goldylucks/apps/webpack-copy-on-done-plugin
15 verbose addLocalTarball adding from inside cache /home/goldylucks/.npm/webpack-copy-on-done-plugin/0.0.3/package.tgz
16 verbose correctMkdir /home/goldylucks/.npm correctMkdir not in flight; initializing
17 silly cache afterAdd webpack-copy-on-done-plugin@0.0.3
18 verbose afterAdd /home/goldylucks/.npm/webpack-copy-on-done-plugin/0.0.3/package/package.json not in flight; writing
19 verbose correctMkdir /home/goldylucks/.npm correctMkdir not in flight; initializing
20 verbose afterAdd /home/goldylucks/.npm/webpack-copy-on-done-plugin/0.0.3/package/package.json written
21 silly publish { name: 'webpack-copy-on-done-plugin',
21 silly publish   version: '0.0.3',
21 silly publish   description: 'Webpack ',
21 silly publish   main: 'build/webpackCopyOnDonePlugin.js',
21 silly publish   scripts:
21 silly publish    { test: 'echo "Error: no test specified" && exit 1',
21 silly publish      start: 'webpack --progress --colors --watch',
21 silly publish      'clean:build': 'rm -rf build/',
21 silly publish      prebuild: 'npm run clean:build',
21 silly publish      build: 'NODE_ENV=production webpack --progress --colors',
21 silly publish      prelocalPublish: 'npm run build',
21 silly publish      localPublish: 'npm publish' },
21 silly publish   repository:
21 silly publish    { type: 'git',
21 silly publish      url: 'git+https://github.com/goldylucks/webpack-copy-on-done-plugin.git' },
21 silly publish   keywords: [ 'webpack-on-done', 'webpack-hook', 'webpack-copy' ],
21 silly publish   author: { name: 'goldylucks', email: 'adamgoldman7@gmail.com' },
21 silly publish   license: 'MIT',
21 silly publish   bugs: { url: 'https://github.com/goldylucks/webpack-copy-on-done-plugin/issues' },
21 silly publish   homepage: 'https://github.com/goldylucks/webpack-copy-on-done-plugin#readme',
21 silly publish   devDependencies:
21 silly publish    { 'babel-cli': '^6.10.1',
21 silly publish      'babel-loader': '^6.2.3',
21 silly publish      'babel-preset-es2015': '^6.9.0',
21 silly publish      'babel-preset-stage-0': '^6.5.0',
21 silly publish      shelljs: '^0.7.0',
21 silly publish      webpack: '^1.12.14',
21 silly publish      'webpack-error-notification': '0.1.6' },
21 silly publish   readme: '# Webpack Copy On Done Plugin\n',
21 silly publish   readmeFilename: 'README.md',
21 silly publish   gitHead: 'cb81051e6a3b4042b93b3d712b020aa6258db0b3',
21 silly publish   _id: 'webpack-copy-on-done-plugin@0.0.3',
21 silly publish   _shasum: '8913e61108f75f30f5ee290c4fb0ab495ed879bd',
21 silly publish   _from: '.' }
22 verbose getPublishConfig undefined
23 silly mapToRegistry name webpack-copy-on-done-plugin
24 silly mapToRegistry using default registry
25 silly mapToRegistry registry https://registry.npmjs.org/
26 silly mapToRegistry data Result {
26 silly mapToRegistry   raw: 'webpack-copy-on-done-plugin',
26 silly mapToRegistry   scope: null,
26 silly mapToRegistry   escapedName: 'webpack-copy-on-done-plugin',
26 silly mapToRegistry   name: 'webpack-copy-on-done-plugin',
26 silly mapToRegistry   rawSpec: '',
26 silly mapToRegistry   spec: 'latest',
26 silly mapToRegistry   type: 'tag' }
27 silly mapToRegistry uri https://registry.npmjs.org/webpack-copy-on-done-plugin
28 verbose publish registryBase https://registry.npmjs.org/
29 silly publish uploading /home/goldylucks/.npm/webpack-copy-on-done-plugin/0.0.3/package.tgz
30 verbose request uri https://registry.npmjs.org/webpack-copy-on-done-plugin
31 verbose request sending authorization for write operation
32 info attempt registry request try #1 at 6:15:58 PM
33 verbose request using bearer token for auth
34 verbose request id 376fdba7412f967a
35 http request PUT https://registry.npmjs.org/webpack-copy-on-done-plugin
36 http 403 https://registry.npmjs.org/webpack-copy-on-done-plugin
37 verbose headers { 'content-type': 'application/json',
37 verbose headers   'cache-control': 'max-age=300',
37 verbose headers   'content-length': '95',
37 verbose headers   'accept-ranges': 'bytes',
37 verbose headers   date: 'Tue, 12 Jul 2016 16:15:59 GMT',
37 verbose headers   via: '1.1 varnish',
37 verbose headers   connection: 'keep-alive',
37 verbose headers   'x-served-by': 'cache-ams4133-AMS',
37 verbose headers   'x-cache': 'MISS',
37 verbose headers   'x-cache-hits': '0',
37 verbose headers   'x-timer': 'S1468340158.970359,VS0,VE961',
37 verbose headers   vary: 'Accept-Encoding' }
38 verbose request invalidating /home/goldylucks/.npm/registry.npmjs.org/webpack-copy-on-done-plugin on PUT
39 error publish Failed PUT 403
40 verbose stack Error: "You cannot publish over the previously published version 0.0.3." : webpack-copy-on-done-plugin
40 verbose stack     at makeError (/usr/lib/node_modules/npm/node_modules/npm-registry-client/lib/request.js:264:12)
40 verbose stack     at CachingRegistryClient.<anonymous> (/usr/lib/node_modules/npm/node_modules/npm-registry-client/lib/request.js:252:14)
40 verbose stack     at Request._callback (/usr/lib/node_modules/npm/node_modules/npm-registry-client/lib/request.js:172:14)
40 verbose stack     at Request.self.callback (/usr/lib/node_modules/npm/node_modules/request/request.js:200:22)
40 verbose stack     at emitTwo (events.js:106:13)
40 verbose stack     at Request.emit (events.js:191:7)
40 verbose stack     at Request.<anonymous> (/usr/lib/node_modules/npm/node_modules/request/request.js:1067:10)
40 verbose stack     at emitOne (events.js:101:20)
40 verbose stack     at Request.emit (events.js:188:7)
40 verbose stack     at IncomingMessage.<anonymous> (/usr/lib/node_modules/npm/node_modules/request/request.js:988:12)
41 verbose statusCode 403
42 verbose pkgid webpack-copy-on-done-plugin
43 verbose cwd /home/goldylucks/apps/webpack-copy-on-done-plugin
44 error Linux 4.4.0-28-generic
45 error argv "/usr/bin/nodejs" "/usr/bin/npm" "publish"
46 error node v6.3.0
47 error npm  v3.10.3
48 error code E403
49 error "You cannot publish over the previously published version 0.0.3." : webpack-copy-on-done-plugin
50 error If you need help, you may report this error at:
50 error     <https://github.com/npm/npm/issues>
51 verbose exit [ 1, true ]
